2023-01-30 20:26:07,792 - INFO - wrappers - Функция arg_parser c параметрами(), {} была вызвана из функции main().Вызов из функции main 
2023-01-30 20:26:07,793 - INFO - data_server_jim - Запущен сервер, порт для подключений: 7777 , адрес с которого принимаются подключения: . Если адрес не указан, принимаются соединения с любых адресов. 
2023-01-30 20:50:00,358 - INFO - wrappers - Функция arg_parser c параметрами(), {} была вызвана из функции sys.exit(app.exec()).Вызов из функции main 
2023-01-30 20:50:00,368 - INFO - data_server_jim - Запущен сервер, порт для подключений: 7777 , адрес с которого принимаются подключения: . Если адрес не указан, принимаются соединения с любых адресов. 
2023-01-30 21:29:25,331 - INFO - wrappers - Функция arg_parser c параметрами(), {} была вызвана из функции main().Вызов из функции main 
2023-01-30 21:29:25,353 - INFO - data_server_jim - Запущен сервер, порт для подключений: 7777 , адрес с которого принимаются подключения: . Если адрес не указан, принимаются соединения с любых адресов. 
2023-01-30 21:29:53,461 - INFO - data_server_jim - Установлено соедение с ПК ('127.0.0.1', 64625) 
2023-01-30 21:29:53,963 - DEBUG - data_server_jim - Разбор сообщения от клиента : {'action': 'presence', 'time': 1675096193.460962, 'user': {'account_name': 'Mark'}} 
2023-01-30 21:29:54,471 - DEBUG - data_server_jim - Разбор сообщения от клиента : {'action': 'get_contacts', 'time': 1675096193.9697, 'user_login': 'Mark'} 
2023-01-30 21:33:35,791 - INFO - wrappers - Функция arg_parser c параметрами(), {} была вызвана из функции main().Вызов из функции main 
2023-01-30 21:33:35,806 - INFO - data_server_jim - Запущен сервер, порт для подключений: 7777 , адрес с которого принимаются подключения: . Если адрес не указан, принимаются соединения с любых адресов. 
2023-01-30 21:34:02,889 - INFO - wrappers - Функция arg_parser c параметрами(), {} была вызвана из функции main().Вызов из функции main 
2023-01-30 21:34:02,903 - INFO - data_server_jim - Запущен сервер, порт для подключений: 7777 , адрес с которого принимаются подключения: . Если адрес не указан, принимаются соединения с любых адресов. 
2023-01-31 06:14:22,249 - INFO - wrappers - Функция arg_parser c параметрами(), {} была вызвана из функции main().Вызов из функции main 
2023-01-31 06:14:22,262 - INFO - data_server_jim - Запущен сервер, порт для подключений: 7777 , адрес с которого принимаются подключения: . Если адрес не указан, принимаются соединения с любых адресов. 
2023-01-31 06:17:13,073 - INFO - wrappers - Функция arg_parser c параметрами(), {} была вызвана из функции main().Вызов из функции main 
2023-01-31 06:17:30,310 - INFO - data_server_jim - Запущен сервер, порт для подключений: 7777 , адрес с которого принимаются подключения: . Если адрес не указан, принимаются соединения с любых адресов. 
2023-01-31 06:28:20,848 - INFO - wrappers - Функция arg_parser c параметрами(), {} была вызвана из функции main().Вызов из функции main 
2023-01-31 06:28:32,505 - DEBUG - data_server_jim - Неправильно указан порт в gui, порт должен быть числом 
2023-01-31 06:28:32,506 - INFO - data_server_jim - Запущен сервер, порт для подключений: 7777 , адрес с которого принимаются подключения: . Если адрес не указан, принимаются соединения с любых адресов. 
2023-01-31 06:28:51,843 - DEBUG - data_server_jim - Неправильно указан порт в gui, порт должен быть числом 
2023-01-31 06:48:06,732 - INFO - wrappers - Функция arg_parser c параметрами(), {} была вызвана из функции main().Вызов из функции main 
2023-01-31 06:48:26,514 - DEBUG - data_server_jim - Неправильно указан порт в gui, порт должен быть числом 
2023-01-31 06:48:28,416 - INFO - data_server_jim - Запущен сервер, порт для подключений: 7777 , адрес с которого принимаются подключения: . Если адрес не указан, принимаются соединения с любых адресов. 
2023-01-31 06:49:32,408 - INFO - wrappers - Функция arg_parser c параметрами(), {} была вызвана из функции main().Вызов из функции main 
2023-01-31 06:49:35,159 - INFO - data_server_jim - Запущен сервер, порт для подключений: 7777 , адрес с которого принимаются подключения: 127.0.0.1. Если адрес не указан, принимаются соединения с любых адресов. 
2023-01-31 06:49:53,858 - INFO - wrappers - Функция arg_parser c параметрами(), {} была вызвана из функции main().Вызов из функции main 
2023-01-31 06:49:58,551 - INFO - data_server_jim - Запущен сервер, порт для подключений: 7788 , адрес с которого принимаются подключения: 127.0.0.1. Если адрес не указан, принимаются соединения с любых адресов. 
2023-01-31 06:53:08,073 - INFO - wrappers - Функция arg_parser c параметрами(), {} была вызвана из функции main().Вызов из функции main 
2023-01-31 06:53:10,638 - INFO - data_server_jim - Запущен сервер, порт для подключений: 7777 , адрес с которого принимаются подключения: 127.0.0.1. Если адрес не указан, принимаются соединения с любых адресов. 
2023-01-31 06:53:27,244 - INFO - data_server_jim - Установлено соедение с ПК ('127.0.0.1', 65239) 
2023-01-31 06:53:27,749 - DEBUG - data_server_jim - Разбор сообщения от клиента : {'action': 'presence', 'time': 1675130007.244256, 'user': {'account_name': 'Mark'}} 
2023-01-31 06:53:28,259 - DEBUG - data_server_jim - Разбор сообщения от клиента : {'action': 'get_contacts', 'time': 1675130007.754952, 'user_login': 'Mark'} 
2023-01-31 06:53:37,320 - DEBUG - data_server_jim - Разбор сообщения от клиента : {'action': 'exit', 'time': 1675130016.886036, 'account_name': 'Mark'} 
2023-01-31 06:53:37,321 - INFO - data_server_jim - Клиент ('127.0.0.1', 65239) отключился от сервера. 
2023-01-31 06:53:44,805 - INFO - data_server_jim - Установлено соедение с ПК ('127.0.0.1', 65240) 
2023-01-31 06:53:45,307 - DEBUG - data_server_jim - Разбор сообщения от клиента : {'action': 'presence', 'time': 1675130024.8050308, 'user': {'account_name': 'Lary'}} 
2023-01-31 06:53:45,318 - DEBUG - data_server_jim - Новый пользователь: Lary добавлен в базу данных 
2023-01-31 06:53:45,821 - DEBUG - data_server_jim - Разбор сообщения от клиента : {'action': 'get_contacts', 'time': 1675130025.319295, 'user_login': 'Lary'} 
2023-01-31 06:54:33,110 - DEBUG - data_server_jim - Разбор сообщения от клиента : {'action': 'exit', 'time': 1675130072.626732, 'account_name': 'Lary'} 
2023-01-31 06:54:33,110 - INFO - data_server_jim - Клиент ('127.0.0.1', 65240) отключился от сервера. 
2023-01-31 07:00:27,723 - INFO - wrappers - Функция arg_parser c параметрами(), {} была вызвана из функции main().Вызов из функции main 
2023-01-31 07:00:31,360 - INFO - data_server_jim - Запущен сервер, порт для подключений: 7777 , адрес с которого принимаются подключения: 127.0.0.1. Если адрес не указан, принимаются соединения с любых адресов. 
2023-01-31 07:02:11,803 - INFO - wrappers - Функция arg_parser c параметрами(), {} была вызвана из функции main().Вызов из функции main 
2023-01-31 07:02:14,204 - INFO - data_server_jim - Запущен сервер, порт для подключений: 7777 , адрес с которого принимаются подключения: 127.0.0.1. Если адрес не указан, принимаются соединения с любых адресов. 
2023-01-31 07:03:18,333 - INFO - wrappers - Функция arg_parser c параметрами(), {} была вызвана из функции main().Вызов из функции main 
2023-01-31 07:03:20,779 - INFO - data_server_jim - Запущен сервер, порт для подключений: 7777 , адрес с которого принимаются подключения: 127.0.0.1. Если адрес не указан, принимаются соединения с любых адресов. 
